::1 - - [29/Aug/2022:00:07:17 +0000] "GET / HTTP/1.1" 200 50688
::1 - - [29/Aug/2022:00:07:17 +0000] "GET /stylesheets/style.css HTTP/1.1" 304 -
::1 - - [29/Aug/2022:00:07:17 +0000] "GET /stylesheets/partials/about.css HTTP/1.1" 304 -
::1 - - [29/Aug/2022:00:07:17 +0000] "GET /stylesheets/partials/header.css HTTP/1.1" 304 -
::1 - - [29/Aug/2022:00:07:17 +0000] "GET /stylesheets/style.css HTTP/1.1" 304 -
::1 - - [29/Aug/2022:00:07:17 +0000] "GET /stylesheets/partials/categories.css HTTP/1.1" 304 -
::1 - - [29/Aug/2022:00:07:17 +0000] "GET /stylesheets/partials/register.css HTTP/1.1" 304 -
::1 - - [29/Aug/2022:00:07:17 +0000] "GET /stylesheets/partials/footer.css HTTP/1.1" 304 -
::1 - - [29/Aug/2022:00:07:17 +0000] "GET /stylesheets/partials/responsive.css HTTP/1.1" 304 -
::1 - - [29/Aug/2022:00:07:17 +0000] "GET /stylesheets/partials/flexform.css HTTP/1.1" 304 -
::1 - - [29/Aug/2022:00:07:17 +0000] "GET /stylesheets/partials/responsive.mobile.css HTTP/1.1" 200 24485
::1 - - [29/Aug/2022:00:07:17 +0000] "GET /javascripts/main.js HTTP/1.1" 304 -
::1 - - [29/Aug/2022:00:07:18 +0000] "GET /images/MMR2022/MMR-Isotipo-Negativo.png HTTP/1.1" 304 -
::1 - - [29/Aug/2022:00:07:18 +0000] "GET /images/MMR2022/MMR-Logo-Negativo-PNG.png HTTP/1.1" 304 -
::1 - - [29/Aug/2022:00:07:18 +0000] "GET /images/talles.jpeg HTTP/1.1" 304 -
::1 - - [29/Aug/2022:00:07:18 +0000] "GET /favicon.ico HTTP/1.1" 404 2187
::1 - - [29/Aug/2022:00:07:44 +0000] "GET /images/video/video.mp4 HTTP/1.1" 304 -
::1 - - [29/Aug/2022:00:08:10 +0000] "GET /javascripts/docs/socios3.json HTTP/1.1" 304 -
::1 - - [29/Aug/2022:00:08:13 +0000] "POST /add-runner HTTP/1.1" 200 11748
::1 - - [29/Aug/2022:00:08:13 +0000] "GET /stylesheets/payment_page.css HTTP/1.1" 304 -
::1 - - [29/Aug/2022:00:08:14 +0000] "GET /javascripts/payment-page.js HTTP/1.1" 304 -
::1 - - [29/Aug/2022:00:08:14 +0000] "GET /img/fail.png HTTP/1.1" 404 2187
::1 - - [29/Aug/2022:00:08:14 +0000] "GET /images/horizontal_logo.png HTTP/1.1" 304 -
::1 - - [29/Aug/2022:00:22:20 +0000] "GET / HTTP/1.1" 200 50688
::1 - - [29/Aug/2022:00:22:20 +0000] "GET /stylesheets/style.css HTTP/1.1" 200 1460
::1 - - [29/Aug/2022:00:22:20 +0000] "GET /stylesheets/partials/header.css HTTP/1.1" 304 -
::1 - - [29/Aug/2022:00:22:20 +0000] "GET /stylesheets/partials/categories.css HTTP/1.1" 304 -
::1 - - [29/Aug/2022:00:22:20 +0000] "GET /stylesheets/partials/register.css HTTP/1.1" 304 -
::1 - - [29/Aug/2022:00:22:20 +0000] "GET /stylesheets/partials/footer.css HTTP/1.1" 304 -
::1 - - [29/Aug/2022:00:22:20 +0000] "GET /stylesheets/partials/about.css HTTP/1.1" 304 -
::1 - - [29/Aug/2022:00:22:20 +0000] "GET /stylesheets/partials/responsive.css HTTP/1.1" 304 -
::1 - - [29/Aug/2022:00:22:20 +0000] "GET /stylesheets/partials/flexform.css HTTP/1.1" 304 -
::1 - - [29/Aug/2022:00:22:20 +0000] "GET /stylesheets/partials/responsive.mobile.css HTTP/1.1" 304 -
::1 - - [29/Aug/2022:00:22:20 +0000] "GET /javascripts/main.js HTTP/1.1" 304 -
::1 - - [29/Aug/2022:00:22:20 +0000] "GET /stylesheets/style.css HTTP/1.1" 304 -
::1 - - [29/Aug/2022:00:22:20 +0000] "GET /stylesheets/partials/header.css HTTP/1.1" 304 -
::1 - - [29/Aug/2022:00:22:20 +0000] "GET /stylesheets/partials/categories.css HTTP/1.1" 304 -
::1 - - [29/Aug/2022:00:22:20 +0000] "GET /stylesheets/partials/register.css HTTP/1.1" 304 -
::1 - - [29/Aug/2022:00:22:20 +0000] "GET /stylesheets/partials/footer.css HTTP/1.1" 304 -
::1 - - [29/Aug/2022:00:22:20 +0000] "GET /stylesheets/partials/about.css HTTP/1.1" 304 -
::1 - - [29/Aug/2022:00:22:20 +0000] "GET /stylesheets/partials/responsive.css HTTP/1.1" 304 -
::1 - - [29/Aug/2022:00:22:20 +0000] "GET /stylesheets/partials/flexform.css HTTP/1.1" 304 -
::1 - - [29/Aug/2022:00:22:20 +0000] "GET /stylesheets/partials/responsive.mobile.css HTTP/1.1" 304 -
::1 - - [29/Aug/2022:00:22:20 +0000] "GET /javascripts/main.js HTTP/1.1" 304 -
::1 - - [29/Aug/2022:00:22:20 +0000] "GET /images/MMR2022/MMR-Isotipo-Negativo.png HTTP/1.1" 304 -
::1 - - [29/Aug/2022:00:22:20 +0000] "GET /images/MMR2022/MMR-Logo-Negativo-PNG.png HTTP/1.1" 304 -
::1 - - [29/Aug/2022:00:22:20 +0000] "GET /images/talles.jpeg HTTP/1.1" 304 -
::1 - - [29/Aug/2022:00:22:20 +0000] "GET /images/video/video.mp4 HTTP/1.1" 304 -
::1 - - [29/Aug/2022:00:23:19 +0000] "GET /images/video/video.mp4 HTTP/1.1" 304 -
::1 - - [17/Sep/2022:12:23:33 +0000] "GET / HTTP/1.1" 200 54521
::1 - - [17/Sep/2022:12:23:33 +0000] "GET /stylesheets/style.css HTTP/1.1" 200 1389
::1 - - [17/Sep/2022:12:23:33 +0000] "GET /stylesheets/partials/header.css HTTP/1.1" 200 4384
::1 - - [17/Sep/2022:12:23:33 +0000] "GET /stylesheets/partials/about.css HTTP/1.1" 200 1418
::1 - - [17/Sep/2022:12:23:33 +0000] "GET /stylesheets/partials/categories.css HTTP/1.1" 200 4136
::1 - - [17/Sep/2022:12:23:33 +0000] "GET /stylesheets/partials/register.css HTTP/1.1" 200 11688
::1 - - [17/Sep/2022:12:23:33 +0000] "GET /stylesheets/partials/footer.css HTTP/1.1" 200 3723
::1 - - [17/Sep/2022:12:23:34 +0000] "GET /stylesheets/partials/responsive.css HTTP/1.1" 200 15673
::1 - - [17/Sep/2022:12:23:34 +0000] "GET /stylesheets/partials/flexform.css HTTP/1.1" 200 4905
::1 - - [17/Sep/2022:12:23:34 +0000] "GET /stylesheets/partials/responsive.mobile.css HTTP/1.1" 200 23675
::1 - - [17/Sep/2022:12:23:34 +0000] "GET /javascripts/main.js HTTP/1.1" 200 9881
::1 - - [17/Sep/2022:12:23:36 +0000] "GET /images/MMR2022/MMR-Isotipo-Negativo.png HTTP/1.1" 200 44960
::1 - - [17/Sep/2022:12:23:36 +0000] "GET /images/MMR2022/MMR-Logo-Negativo-PNG.png HTTP/1.1" 200 42386
::1 - - [17/Sep/2022:12:23:36 +0000] "GET /images/talles.jpeg HTTP/1.1" 200 115526
::1 - - [17/Sep/2022:12:23:38 +0000] "GET /images/invitan/club%20del%20personal.png HTTP/1.1" 200 38591
::1 - - [17/Sep/2022:12:23:38 +0000] "GET /images/invitan/calf.png HTTP/1.1" 200 232764
::1 - - [17/Sep/2022:12:23:38 +0000] "GET /images/invitan/club%20mari%20menuco.png HTTP/1.1" 200 177795
::1 - - [17/Sep/2022:12:23:38 +0000] "GET /images/invitan/miactivo.png HTTP/1.1" 200 56581
::1 - - [17/Sep/2022:12:23:38 +0000] "GET /images/main%20sponsors/divanni.png HTTP/1.1" 200 32310
::1 - - [17/Sep/2022:12:23:38 +0000] "GET /images/main%20sponsors/del%20parque.png HTTP/1.1" 200 40912
::1 - - [17/Sep/2022:12:23:38 +0000] "GET /images/sponsors/leimat.png HTTP/1.1" 200 68088
::1 - - [17/Sep/2022:12:23:38 +0000] "GET /images/sponsors/seep.png HTTP/1.1" 200 69651
::1 - - [17/Sep/2022:12:23:38 +0000] "GET /images/sponsors/raices.png HTTP/1.1" 200 87018
::1 - - [17/Sep/2022:12:23:38 +0000] "GET /images/acompanan/alto%20pathagon.png HTTP/1.1" 200 37164
::1 - - [17/Sep/2022:12:23:39 +0000] "GET /favicon.ico HTTP/1.1" 404 1944
::1 - - [17/Sep/2022:12:23:44 +0000] "GET /images/video/video.mp4 HTTP/1.1" 206 888420
::1 - - [17/Sep/2022:12:24:25 +0000] "GET / HTTP/1.1" 200 54525
::1 - - [17/Sep/2022:12:24:26 +0000] "GET /stylesheets/style.css HTTP/1.1" 304 -
::1 - - [17/Sep/2022:12:24:26 +0000] "GET /stylesheets/partials/header.css HTTP/1.1" 304 -
::1 - - [17/Sep/2022:12:24:26 +0000] "GET /stylesheets/partials/categories.css HTTP/1.1" 304 -
::1 - - [17/Sep/2022:12:24:26 +0000] "GET /stylesheets/partials/about.css HTTP/1.1" 304 -
::1 - - [17/Sep/2022:12:24:26 +0000] "GET /stylesheets/partials/register.css HTTP/1.1" 304 -
::1 - - [17/Sep/2022:12:24:26 +0000] "GET /stylesheets/partials/footer.css HTTP/1.1" 304 -
::1 - - [17/Sep/2022:12:24:26 +0000] "GET /stylesheets/partials/responsive.css HTTP/1.1" 304 -
::1 - - [17/Sep/2022:12:24:26 +0000] "GET /stylesheets/partials/flexform.css HTTP/1.1" 304 -
::1 - - [17/Sep/2022:12:24:26 +0000] "GET /stylesheets/partials/responsive.mobile.css HTTP/1.1" 304 -
::1 - - [17/Sep/2022:12:24:26 +0000] "GET /javascripts/main.js HTTP/1.1" 304 -
::1 - - [17/Sep/2022:12:24:26 +0000] "GET /images/MMR2022/MMR-Isotipo-Negativo.png HTTP/1.1" 304 -
::1 - - [17/Sep/2022:12:24:26 +0000] "GET /images/MMR2022/MMR-Logo-Negativo-PNG.png HTTP/1.1" 304 -
::1 - - [17/Sep/2022:12:24:26 +0000] "GET /images/talles.jpeg HTTP/1.1" 304 -
::1 - - [17/Sep/2022:12:24:26 +0000] "GET /images/invitan/calf.png HTTP/1.1" 304 -
::1 - - [17/Sep/2022:12:24:26 +0000] "GET /images/invitan/club%20del%20personal.png HTTP/1.1" 304 -
::1 - - [17/Sep/2022:12:24:26 +0000] "GET /images/invitan/club%20mari%20menuco.png HTTP/1.1" 304 -
::1 - - [17/Sep/2022:12:24:26 +0000] "GET /images/invitan/miactivo.png HTTP/1.1" 304 -
::1 - - [17/Sep/2022:12:24:26 +0000] "GET /images/main%20sponsors/divanni.png HTTP/1.1" 304 -
::1 - - [17/Sep/2022:12:24:26 +0000] "GET /images/main%20sponsors/del%20parque.png HTTP/1.1" 304 -
::1 - - [17/Sep/2022:12:24:26 +0000] "GET /images/sponsors/leimat.png HTTP/1.1" 304 -
::1 - - [17/Sep/2022:12:24:26 +0000] "GET /images/sponsors/seep.png HTTP/1.1" 304 -
::1 - - [17/Sep/2022:12:24:26 +0000] "GET /images/sponsors/raices.png HTTP/1.1" 304 -
::1 - - [17/Sep/2022:12:24:26 +0000] "GET /images/acompanan/alto%20pathagon.png HTTP/1.1" 304 -
::1 - - [17/Sep/2022:12:25:03 +0000] "GET / HTTP/1.1" - -
::1 - - [17/Sep/2022:12:25:33 +0000] "GET / HTTP/1.1" - -
::1 - - [17/Sep/2022:12:25:42 +0000] "GET / HTTP/1.1" 200 54525
::1 - - [17/Sep/2022:12:25:42 +0000] "GET /stylesheets/style.css HTTP/1.1" 304 -
::1 - - [17/Sep/2022:12:25:42 +0000] "GET /stylesheets/partials/header.css HTTP/1.1" 304 -
::1 - - [17/Sep/2022:12:25:42 +0000] "GET /stylesheets/partials/about.css HTTP/1.1" 304 -
::1 - - [17/Sep/2022:12:25:42 +0000] "GET /stylesheets/partials/categories.css HTTP/1.1" 304 -
::1 - - [17/Sep/2022:12:25:42 +0000] "GET /stylesheets/partials/register.css HTTP/1.1" 304 -
::1 - - [17/Sep/2022:12:25:42 +0000] "GET /stylesheets/partials/footer.css HTTP/1.1" 304 -
::1 - - [17/Sep/2022:12:25:42 +0000] "GET /stylesheets/partials/responsive.css HTTP/1.1" 304 -
::1 - - [17/Sep/2022:12:25:42 +0000] "GET /stylesheets/partials/flexform.css HTTP/1.1" 304 -
::1 - - [17/Sep/2022:12:25:42 +0000] "GET /stylesheets/partials/responsive.mobile.css HTTP/1.1" 304 -
::1 - - [17/Sep/2022:12:25:42 +0000] "GET /javascripts/main.js HTTP/1.1" 304 -
::1 - - [17/Sep/2022:12:25:42 +0000] "GET /images/MMR2022/MMR-Isotipo-Negativo.png HTTP/1.1" 304 -
::1 - - [17/Sep/2022:12:25:42 +0000] "GET /images/MMR2022/MMR-Logo-Negativo-PNG.png HTTP/1.1" 304 -
::1 - - [17/Sep/2022:12:25:42 +0000] "GET /images/talles.jpeg HTTP/1.1" 304 -
::1 - - [17/Sep/2022:12:25:42 +0000] "GET /images/invitan/calf.png HTTP/1.1" 304 -
::1 - - [17/Sep/2022:12:25:42 +0000] "GET /images/invitan/club%20del%20personal.png HTTP/1.1" 304 -
::1 - - [17/Sep/2022:12:25:42 +0000] "GET /images/invitan/club%20mari%20menuco.png HTTP/1.1" 304 -
::1 - - [17/Sep/2022:12:25:42 +0000] "GET /images/invitan/miactivo.png HTTP/1.1" 304 -
::1 - - [17/Sep/2022:12:25:42 +0000] "GET /images/main%20sponsors/divanni.png HTTP/1.1" 304 -
::1 - - [17/Sep/2022:12:25:42 +0000] "GET /images/main%20sponsors/del%20parque.png HTTP/1.1" 304 -
::1 - - [17/Sep/2022:12:25:42 +0000] "GET /images/sponsors/leimat.png HTTP/1.1" 304 -
::1 - - [17/Sep/2022:12:25:42 +0000] "GET /images/sponsors/seep.png HTTP/1.1" 304 -
::1 - - [17/Sep/2022:12:25:42 +0000] "GET /images/sponsors/raices.png HTTP/1.1" 304 -
::1 - - [17/Sep/2022:12:25:42 +0000] "GET /images/acompanan/alto%20pathagon.png HTTP/1.1" 304 -
::1 - - [17/Sep/2022:12:25:43 +0000] "GET /images/video/video.mp4 HTTP/1.1" 304 -
::1 - - [17/Sep/2022:12:25:58 +0000] "GET / HTTP/1.1" 200 54525
::1 - - [17/Sep/2022:12:25:58 +0000] "GET /stylesheets/style.css HTTP/1.1" 304 -
::1 - - [17/Sep/2022:12:25:58 +0000] "GET /stylesheets/partials/header.css HTTP/1.1" 304 -
::1 - - [17/Sep/2022:12:25:58 +0000] "GET /stylesheets/partials/about.css HTTP/1.1" 304 -
::1 - - [17/Sep/2022:12:25:58 +0000] "GET /stylesheets/partials/footer.css HTTP/1.1" 304 -
::1 - - [17/Sep/2022:12:25:58 +0000] "GET /stylesheets/partials/categories.css HTTP/1.1" 304 -
::1 - - [17/Sep/2022:12:25:58 +0000] "GET /stylesheets/partials/register.css HTTP/1.1" 304 -
::1 - - [17/Sep/2022:12:25:58 +0000] "GET /stylesheets/partials/responsive.css HTTP/1.1" 304 -
::1 - - [17/Sep/2022:12:25:58 +0000] "GET /stylesheets/partials/flexform.css HTTP/1.1" 304 -
::1 - - [17/Sep/2022:12:25:58 +0000] "GET /stylesheets/partials/responsive.mobile.css HTTP/1.1" 304 -
::1 - - [17/Sep/2022:12:25:58 +0000] "GET /javascripts/main.js HTTP/1.1" 304 -
::1 - - [17/Sep/2022:12:25:58 +0000] "GET /images/MMR2022/MMR-Isotipo-Negativo.png HTTP/1.1" 304 -
::1 - - [17/Sep/2022:12:25:58 +0000] "GET /images/MMR2022/MMR-Logo-Negativo-PNG.png HTTP/1.1" 304 -
::1 - - [17/Sep/2022:12:25:58 +0000] "GET /images/talles.jpeg HTTP/1.1" 304 -
::1 - - [17/Sep/2022:12:25:58 +0000] "GET /images/invitan/calf.png HTTP/1.1" 304 -
::1 - - [17/Sep/2022:12:25:58 +0000] "GET /images/invitan/club%20del%20personal.png HTTP/1.1" 304 -
::1 - - [17/Sep/2022:12:25:58 +0000] "GET /images/invitan/club%20mari%20menuco.png HTTP/1.1" 304 -
::1 - - [17/Sep/2022:12:25:58 +0000] "GET /images/invitan/miactivo.png HTTP/1.1" 304 -
::1 - - [17/Sep/2022:12:25:58 +0000] "GET /images/main%20sponsors/divanni.png HTTP/1.1" 304 -
::1 - - [17/Sep/2022:12:25:58 +0000] "GET /images/main%20sponsors/del%20parque.png HTTP/1.1" 304 -
::1 - - [17/Sep/2022:12:25:58 +0000] "GET /images/sponsors/leimat.png HTTP/1.1" 304 -
::1 - - [17/Sep/2022:12:25:58 +0000] "GET /images/sponsors/seep.png HTTP/1.1" 304 -
::1 - - [17/Sep/2022:12:25:58 +0000] "GET /images/sponsors/raices.png HTTP/1.1" 304 -
::1 - - [17/Sep/2022:12:25:58 +0000] "GET /images/acompanan/alto%20pathagon.png HTTP/1.1" 304 -
::1 - - [17/Sep/2022:12:30:12 +0000] "GET /images/video/video.mp4 HTTP/1.1" 304 -
::1 - - [17/Sep/2022:12:40:45 +0000] "GET /images/video/video.mp4 HTTP/1.1" 304 -
::1 - - [17/Sep/2022:12:45:38 +0000] "GET /images/video/video.mp4 HTTP/1.1" 304 -
::1 - - [17/Sep/2022:12:45:41 +0000] "GET /images/video/video.mp4 HTTP/1.1" 304 -
::1 - - [17/Sep/2022:12:45:42 +0000] "GET / HTTP/1.1" 304 -
::1 - - [17/Sep/2022:12:45:42 +0000] "GET /stylesheets/style.css HTTP/1.1" 304 -
::1 - - [17/Sep/2022:12:45:42 +0000] "GET /stylesheets/partials/header.css HTTP/1.1" 304 -
::1 - - [17/Sep/2022:12:45:42 +0000] "GET /stylesheets/partials/footer.css HTTP/1.1" 304 -
::1 - - [17/Sep/2022:12:45:42 +0000] "GET /stylesheets/partials/responsive.css HTTP/1.1" 304 -
::1 - - [17/Sep/2022:12:45:42 +0000] "GET /stylesheets/partials/about.css HTTP/1.1" 304 -
::1 - - [17/Sep/2022:12:45:42 +0000] "GET /stylesheets/partials/categories.css HTTP/1.1" 304 -
::1 - - [17/Sep/2022:12:45:42 +0000] "GET /stylesheets/partials/register.css HTTP/1.1" 304 -
::1 - - [17/Sep/2022:12:45:42 +0000] "GET /stylesheets/partials/flexform.css HTTP/1.1" 304 -
::1 - - [17/Sep/2022:12:45:42 +0000] "GET /stylesheets/partials/responsive.mobile.css HTTP/1.1" 304 -
::1 - - [17/Sep/2022:12:45:42 +0000] "GET /javascripts/main.js HTTP/1.1" 304 -
::1 - - [17/Sep/2022:12:45:42 +0000] "GET /images/MMR2022/MMR-Isotipo-Negativo.png HTTP/1.1" 304 -
::1 - - [17/Sep/2022:12:45:42 +0000] "GET /images/MMR2022/MMR-Logo-Negativo-PNG.png HTTP/1.1" 304 -
::1 - - [17/Sep/2022:12:45:42 +0000] "GET /images/talles.jpeg HTTP/1.1" 304 -
::1 - - [17/Sep/2022:12:45:42 +0000] "GET /images/invitan/calf.png HTTP/1.1" 304 -
::1 - - [17/Sep/2022:12:45:43 +0000] "GET /images/invitan/club%20del%20personal.png HTTP/1.1" 304 -
::1 - - [17/Sep/2022:12:45:43 +0000] "GET /images/invitan/club%20mari%20menuco.png HTTP/1.1" 304 -
::1 - - [17/Sep/2022:12:45:43 +0000] "GET /images/invitan/miactivo.png HTTP/1.1" 304 -
::1 - - [17/Sep/2022:12:45:43 +0000] "GET /images/main%20sponsors/divanni.png HTTP/1.1" 304 -
::1 - - [17/Sep/2022:12:45:43 +0000] "GET /images/main%20sponsors/del%20parque.png HTTP/1.1" 304 -
::1 - - [17/Sep/2022:12:45:43 +0000] "GET /images/sponsors/leimat.png HTTP/1.1" 304 -
::1 - - [17/Sep/2022:12:45:43 +0000] "GET /images/sponsors/seep.png HTTP/1.1" 304 -
::1 - - [17/Sep/2022:12:45:43 +0000] "GET /images/sponsors/raices.png HTTP/1.1" 304 -
::1 - - [17/Sep/2022:12:45:43 +0000] "GET /images/acompanan/alto%20pathagon.png HTTP/1.1" 304 -
::1 - - [17/Sep/2022:12:46:17 +0000] "GET / HTTP/1.1" 200 54521
::1 - - [17/Sep/2022:12:46:17 +0000] "GET /stylesheets/style.css HTTP/1.1" 304 -
::1 - - [17/Sep/2022:12:46:18 +0000] "GET /stylesheets/partials/header.css HTTP/1.1" 304 -
::1 - - [17/Sep/2022:12:46:18 +0000] "GET /stylesheets/partials/categories.css HTTP/1.1" 304 -
::1 - - [17/Sep/2022:12:46:18 +0000] "GET /stylesheets/partials/register.css HTTP/1.1" 304 -
::1 - - [17/Sep/2022:12:46:18 +0000] "GET /stylesheets/partials/about.css HTTP/1.1" 304 -
::1 - - [17/Sep/2022:12:46:18 +0000] "GET /stylesheets/partials/footer.css HTTP/1.1" 304 -
::1 - - [17/Sep/2022:12:46:18 +0000] "GET /stylesheets/partials/responsive.css HTTP/1.1" 304 -
::1 - - [17/Sep/2022:12:46:18 +0000] "GET /stylesheets/partials/flexform.css HTTP/1.1" 304 -
::1 - - [17/Sep/2022:12:46:18 +0000] "GET /stylesheets/partials/responsive.mobile.css HTTP/1.1" 304 -
::1 - - [17/Sep/2022:12:46:18 +0000] "GET /javascripts/main.js HTTP/1.1" 304 -
::1 - - [17/Sep/2022:12:46:18 +0000] "GET /images/MMR2022/MMR-Isotipo-Negativo.png HTTP/1.1" 304 -
::1 - - [17/Sep/2022:12:46:18 +0000] "GET /images/MMR2022/MMR-Logo-Negativo-PNG.png HTTP/1.1" 304 -
::1 - - [17/Sep/2022:12:46:18 +0000] "GET /images/talles.jpeg HTTP/1.1" 304 -
::1 - - [17/Sep/2022:12:46:18 +0000] "GET /images/invitan/calf.png HTTP/1.1" 304 -
::1 - - [17/Sep/2022:12:46:18 +0000] "GET /images/invitan/club%20del%20personal.png HTTP/1.1" 304 -
::1 - - [17/Sep/2022:12:46:18 +0000] "GET /images/invitan/club%20mari%20menuco.png HTTP/1.1" 304 -
::1 - - [17/Sep/2022:12:46:18 +0000] "GET /images/invitan/miactivo.png HTTP/1.1" 304 -
::1 - - [17/Sep/2022:12:46:18 +0000] "GET /images/main%20sponsors/divanni.png HTTP/1.1" 304 -
::1 - - [17/Sep/2022:12:46:18 +0000] "GET /images/main%20sponsors/del%20parque.png HTTP/1.1" 304 -
::1 - - [17/Sep/2022:12:46:18 +0000] "GET /images/sponsors/leimat.png HTTP/1.1" 304 -
::1 - - [17/Sep/2022:12:46:18 +0000] "GET /images/sponsors/seep.png HTTP/1.1" 304 -
::1 - - [17/Sep/2022:12:46:18 +0000] "GET /images/sponsors/raices.png HTTP/1.1" 304 -
::1 - - [17/Sep/2022:12:46:18 +0000] "GET /images/acompanan/alto%20pathagon.png HTTP/1.1" 304 -
::1 - - [17/Sep/2022:12:46:18 +0000] "GET /images/video/video.mp4 HTTP/1.1" 304 -
::1 - - [17/Sep/2022:12:47:21 +0000] "GET / HTTP/1.1" 200 54512
::1 - - [17/Sep/2022:12:47:21 +0000] "GET /stylesheets/style.css HTTP/1.1" 304 -
::1 - - [17/Sep/2022:12:47:21 +0000] "GET /stylesheets/partials/header.css HTTP/1.1" 304 -
::1 - - [17/Sep/2022:12:47:21 +0000] "GET /stylesheets/partials/about.css HTTP/1.1" 304 -
::1 - - [17/Sep/2022:12:47:21 +0000] "GET /stylesheets/partials/categories.css HTTP/1.1" 304 -
::1 - - [17/Sep/2022:12:47:21 +0000] "GET /stylesheets/partials/register.css HTTP/1.1" 304 -
::1 - - [17/Sep/2022:12:47:21 +0000] "GET /stylesheets/partials/footer.css HTTP/1.1" 304 -
::1 - - [17/Sep/2022:12:47:21 +0000] "GET /stylesheets/partials/responsive.css HTTP/1.1" 304 -
::1 - - [17/Sep/2022:12:47:21 +0000] "GET /stylesheets/partials/flexform.css HTTP/1.1" 304 -
::1 - - [17/Sep/2022:12:47:21 +0000] "GET /stylesheets/partials/responsive.mobile.css HTTP/1.1" 304 -
::1 - - [17/Sep/2022:12:47:21 +0000] "GET /javascripts/main.js HTTP/1.1" 304 -
::1 - - [17/Sep/2022:12:47:21 +0000] "GET /images/MMR2022/MMR-Isotipo-Negativo.png HTTP/1.1" 304 -
::1 - - [17/Sep/2022:12:47:21 +0000] "GET /images/MMR2022/MMR-Logo-Negativo-PNG.png HTTP/1.1" 304 -
::1 - - [17/Sep/2022:12:47:21 +0000] "GET /images/talles.jpeg HTTP/1.1" 304 -
::1 - - [17/Sep/2022:12:47:21 +0000] "GET /images/invitan/calf.png HTTP/1.1" 304 -
::1 - - [17/Sep/2022:12:47:21 +0000] "GET /images/invitan/club%20del%20personal.png HTTP/1.1" 304 -
::1 - - [17/Sep/2022:12:47:21 +0000] "GET /images/invitan/club%20mari%20menuco.png HTTP/1.1" 304 -
::1 - - [17/Sep/2022:12:47:21 +0000] "GET /images/invitan/miactivo.png HTTP/1.1" 304 -
::1 - - [17/Sep/2022:12:47:21 +0000] "GET /images/main%20sponsors/divanni.png HTTP/1.1" 304 -
::1 - - [17/Sep/2022:12:47:21 +0000] "GET /images/main%20sponsors/del%20parque.png HTTP/1.1" 304 -
::1 - - [17/Sep/2022:12:47:21 +0000] "GET /images/sponsors/leimat.png HTTP/1.1" 304 -
::1 - - [17/Sep/2022:12:47:21 +0000] "GET /images/sponsors/seep.png HTTP/1.1" 304 -
::1 - - [17/Sep/2022:12:47:21 +0000] "GET /images/sponsors/raices.png HTTP/1.1" 304 -
::1 - - [17/Sep/2022:12:47:21 +0000] "GET /images/acompanan/alto%20pathagon.png HTTP/1.1" 304 -
::1 - - [17/Sep/2022:12:47:22 +0000] "GET /images/video/video.mp4 HTTP/1.1" 304 -
::1 - - [17/Sep/2022:12:47:30 +0000] "GET / HTTP/1.1" 200 54508
::1 - - [17/Sep/2022:12:47:30 +0000] "GET /stylesheets/style.css HTTP/1.1" 304 -
::1 - - [17/Sep/2022:12:47:30 +0000] "GET /stylesheets/partials/header.css HTTP/1.1" 304 -
::1 - - [17/Sep/2022:12:47:30 +0000] "GET /stylesheets/partials/about.css HTTP/1.1" 304 -
::1 - - [17/Sep/2022:12:47:30 +0000] "GET /stylesheets/partials/register.css HTTP/1.1" 304 -
::1 - - [17/Sep/2022:12:47:30 +0000] "GET /stylesheets/partials/categories.css HTTP/1.1" 304 -
::1 - - [17/Sep/2022:12:47:30 +0000] "GET /stylesheets/partials/footer.css HTTP/1.1" 304 -
::1 - - [17/Sep/2022:12:47:30 +0000] "GET /stylesheets/partials/responsive.css HTTP/1.1" 304 -
::1 - - [17/Sep/2022:12:47:30 +0000] "GET /stylesheets/partials/flexform.css HTTP/1.1" 304 -
::1 - - [17/Sep/2022:12:47:30 +0000] "GET /stylesheets/partials/responsive.mobile.css HTTP/1.1" 304 -
::1 - - [17/Sep/2022:12:47:30 +0000] "GET /javascripts/main.js HTTP/1.1" 304 -
::1 - - [17/Sep/2022:12:47:30 +0000] "GET /images/MMR2022/MMR-Isotipo-Negativo.png HTTP/1.1" 304 -
::1 - - [17/Sep/2022:12:47:30 +0000] "GET /images/MMR2022/MMR-Logo-Negativo-PNG.png HTTP/1.1" 304 -
::1 - - [17/Sep/2022:12:47:30 +0000] "GET /images/talles.jpeg HTTP/1.1" 304 -
::1 - - [17/Sep/2022:12:47:30 +0000] "GET /images/invitan/calf.png HTTP/1.1" 304 -
::1 - - [17/Sep/2022:12:47:30 +0000] "GET /images/invitan/club%20del%20personal.png HTTP/1.1" 304 -
::1 - - [17/Sep/2022:12:47:30 +0000] "GET /images/invitan/club%20mari%20menuco.png HTTP/1.1" 304 -
::1 - - [17/Sep/2022:12:47:31 +0000] "GET /images/invitan/miactivo.png HTTP/1.1" 304 -
::1 - - [17/Sep/2022:12:47:31 +0000] "GET /images/main%20sponsors/divanni.png HTTP/1.1" 304 -
::1 - - [17/Sep/2022:12:47:31 +0000] "GET /images/main%20sponsors/del%20parque.png HTTP/1.1" 304 -
::1 - - [17/Sep/2022:12:47:31 +0000] "GET /images/sponsors/leimat.png HTTP/1.1" 304 -
::1 - - [17/Sep/2022:12:47:31 +0000] "GET /images/sponsors/seep.png HTTP/1.1" 304 -
::1 - - [17/Sep/2022:12:47:31 +0000] "GET /images/sponsors/raices.png HTTP/1.1" 304 -
::1 - - [17/Sep/2022:12:47:31 +0000] "GET /images/acompanan/alto%20pathagon.png HTTP/1.1" 304 -
::1 - - [17/Sep/2022:12:47:43 +0000] "GET /javascripts/docs/socios3.json HTTP/1.1" 200 1514887
::1 - - [17/Sep/2022:12:47:45 +0000] "POST /add-runner HTTP/1.1" 200 11928
::1 - - [17/Sep/2022:12:47:45 +0000] "GET /stylesheets/payment_page.css HTTP/1.1" 200 7709
::1 - - [17/Sep/2022:12:47:46 +0000] "GET /javascripts/payment-page.js HTTP/1.1" 200 8644
::1 - - [17/Sep/2022:12:47:46 +0000] "GET /img/fail.png HTTP/1.1" 404 1944
::1 - - [17/Sep/2022:12:47:46 +0000] "GET /images/horizontal_logo.png HTTP/1.1" 200 65318
::1 - - [17/Sep/2022:13:51:36 +0000] "GET / HTTP/1.1" 200 54508
::1 - - [17/Sep/2022:13:51:36 +0000] "GET /stylesheets/style.css HTTP/1.1" 304 -
::1 - - [17/Sep/2022:13:51:36 +0000] "GET /stylesheets/partials/header.css HTTP/1.1" 304 -
::1 - - [17/Sep/2022:13:51:36 +0000] "GET /stylesheets/partials/about.css HTTP/1.1" 304 -
::1 - - [17/Sep/2022:13:51:36 +0000] "GET /stylesheets/partials/categories.css HTTP/1.1" 304 -
::1 - - [17/Sep/2022:13:51:36 +0000] "GET /stylesheets/partials/register.css HTTP/1.1" 304 -
::1 - - [17/Sep/2022:13:51:37 +0000] "GET /stylesheets/partials/footer.css HTTP/1.1" 304 -
::1 - - [17/Sep/2022:13:51:37 +0000] "GET /stylesheets/partials/responsive.css HTTP/1.1" 304 -
::1 - - [17/Sep/2022:13:51:37 +0000] "GET /stylesheets/partials/flexform.css HTTP/1.1" 304 -
::1 - - [17/Sep/2022:13:51:37 +0000] "GET /stylesheets/partials/responsive.mobile.css HTTP/1.1" 304 -
::1 - - [17/Sep/2022:13:51:37 +0000] "GET /javascripts/main.js HTTP/1.1" 304 -
::1 - - [17/Sep/2022:13:51:37 +0000] "GET /images/MMR2022/MMR-Isotipo-Negativo.png HTTP/1.1" 304 -
::1 - - [17/Sep/2022:13:51:37 +0000] "GET /images/MMR2022/MMR-Logo-Negativo-PNG.png HTTP/1.1" 304 -
::1 - - [17/Sep/2022:13:51:37 +0000] "GET /images/talles.jpeg HTTP/1.1" 304 -
::1 - - [17/Sep/2022:13:51:37 +0000] "GET /images/video/video.mp4 HTTP/1.1" 304 -
::1 - - [17/Sep/2022:13:51:37 +0000] "GET /images/invitan/calf.png HTTP/1.1" 304 -
::1 - - [17/Sep/2022:13:51:37 +0000] "GET /images/invitan/club%20del%20personal.png HTTP/1.1" 304 -
::1 - - [17/Sep/2022:13:51:37 +0000] "GET /images/invitan/club%20mari%20menuco.png HTTP/1.1" 304 -
::1 - - [17/Sep/2022:13:51:37 +0000] "GET /images/invitan/miactivo.png HTTP/1.1" 304 -
::1 - - [17/Sep/2022:13:51:37 +0000] "GET /images/main%20sponsors/divanni.png HTTP/1.1" 304 -
::1 - - [17/Sep/2022:13:51:37 +0000] "GET /images/main%20sponsors/del%20parque.png HTTP/1.1" 304 -
::1 - - [17/Sep/2022:13:51:37 +0000] "GET /images/sponsors/leimat.png HTTP/1.1" 304 -
::1 - - [17/Sep/2022:13:51:37 +0000] "GET /images/sponsors/seep.png HTTP/1.1" 304 -
::1 - - [17/Sep/2022:13:51:37 +0000] "GET /images/sponsors/raices.png HTTP/1.1" 304 -
::1 - - [17/Sep/2022:13:51:37 +0000] "GET /images/acompanan/alto%20pathagon.png HTTP/1.1" 304 -
::1 - - [17/Sep/2022:13:53:09 +0000] "GET / HTTP/1.1" 200 54508
::1 - - [17/Sep/2022:13:53:09 +0000] "GET /stylesheets/style.css HTTP/1.1" 200 1389
::1 - - [17/Sep/2022:13:53:09 +0000] "GET /stylesheets/partials/about.css HTTP/1.1" 200 1418
::1 - - [17/Sep/2022:13:53:09 +0000] "GET /stylesheets/partials/header.css HTTP/1.1" 200 4384
::1 - - [17/Sep/2022:13:53:09 +0000] "GET /stylesheets/partials/categories.css HTTP/1.1" 200 4136
::1 - - [17/Sep/2022:13:53:09 +0000] "GET /stylesheets/partials/register.css HTTP/1.1" 200 11688
::1 - - [17/Sep/2022:13:53:09 +0000] "GET /stylesheets/partials/footer.css HTTP/1.1" 200 3723
::1 - - [17/Sep/2022:13:53:09 +0000] "GET /stylesheets/partials/responsive.css HTTP/1.1" 200 15673
::1 - - [17/Sep/2022:13:53:09 +0000] "GET /stylesheets/partials/flexform.css HTTP/1.1" 200 4905
::1 - - [17/Sep/2022:13:53:09 +0000] "GET /stylesheets/partials/responsive.mobile.css HTTP/1.1" 200 23675
::1 - - [17/Sep/2022:13:53:09 +0000] "GET /javascripts/main.js HTTP/1.1" 200 9881
::1 - - [17/Sep/2022:13:53:10 +0000] "GET /images/MMR2022/MMR-Isotipo-Negativo.png HTTP/1.1" 200 44960
::1 - - [17/Sep/2022:13:53:10 +0000] "GET /images/invitan/calf.png HTTP/1.1" 200 232764
::1 - - [17/Sep/2022:13:53:10 +0000] "GET /images/MMR2022/MMR-Logo-Negativo-PNG.png HTTP/1.1" 200 42386
::1 - - [17/Sep/2022:13:53:10 +0000] "GET /images/talles.jpeg HTTP/1.1" 200 115526
::1 - - [17/Sep/2022:13:53:10 +0000] "GET /images/invitan/club%20del%20personal.png HTTP/1.1" 200 38591
::1 - - [17/Sep/2022:13:53:10 +0000] "GET /images/invitan/club%20mari%20menuco.png HTTP/1.1" 200 177795
::1 - - [17/Sep/2022:13:53:10 +0000] "GET /images/invitan/miactivo.png HTTP/1.1" 200 56581
::1 - - [17/Sep/2022:13:53:10 +0000] "GET /images/main%20sponsors/divanni.png HTTP/1.1" 200 32310
::1 - - [17/Sep/2022:13:53:10 +0000] "GET /images/main%20sponsors/del%20parque.png HTTP/1.1" 200 40912
::1 - - [17/Sep/2022:13:53:10 +0000] "GET /images/sponsors/leimat.png HTTP/1.1" 200 68088
::1 - - [17/Sep/2022:13:53:10 +0000] "GET /images/sponsors/seep.png HTTP/1.1" 200 69651
::1 - - [17/Sep/2022:13:53:10 +0000] "GET /images/sponsors/raices.png HTTP/1.1" 200 87018
::1 - - [17/Sep/2022:13:53:10 +0000] "GET /images/acompanan/alto%20pathagon.png HTTP/1.1" 200 37164
::1 - - [17/Sep/2022:13:53:11 +0000] "GET /images/video/video.mp4 HTTP/1.1" 206 888420
::1 - - [17/Sep/2022:13:53:11 +0000] "GET /favicon.ico HTTP/1.1" 404 1944
::1 - - [17/Sep/2022:13:53:34 +0000] "GET /javascripts/docs/socios3.json HTTP/1.1" 200 1514887
::1 - - [17/Sep/2022:13:53:36 +0000] "POST /add-runner HTTP/1.1" 200 11918
::1 - - [17/Sep/2022:13:53:36 +0000] "GET /stylesheets/payment_page.css HTTP/1.1" 200 7709
::1 - - [17/Sep/2022:13:53:37 +0000] "GET /javascripts/payment-page.js HTTP/1.1" 200 8650
::1 - - [17/Sep/2022:13:53:37 +0000] "GET /img/fail.png HTTP/1.1" 404 1944
::1 - - [17/Sep/2022:13:53:37 +0000] "GET /images/horizontal_logo.png HTTP/1.1" 200 65318
::1 - - [17/Sep/2022:13:55:35 +0000] "POST /process_payment HTTP/1.1" 500 39
::1 - - [17/Sep/2022:13:56:22 +0000] "POST /add-runner HTTP/1.1" 200 11918
::1 - - [17/Sep/2022:13:56:22 +0000] "GET /stylesheets/payment_page.css HTTP/1.1" 304 -
::1 - - [17/Sep/2022:13:56:22 +0000] "GET /javascripts/payment-page.js HTTP/1.1" 304 -
::1 - - [17/Sep/2022:13:56:22 +0000] "GET /img/fail.png HTTP/1.1" 404 1944
::1 - - [17/Sep/2022:13:56:22 +0000] "GET /images/horizontal_logo.png HTTP/1.1" 304 -
::1 - - [17/Sep/2022:14:01:30 +0000] "GET / HTTP/1.1" 200 54508
::1 - - [17/Sep/2022:14:01:31 +0000] "GET /stylesheets/style.css HTTP/1.1" 200 1389
::1 - - [17/Sep/2022:14:01:31 +0000] "GET /stylesheets/partials/header.css HTTP/1.1" 200 4384
::1 - - [17/Sep/2022:14:01:31 +0000] "GET /stylesheets/partials/about.css HTTP/1.1" 200 1418
::1 - - [17/Sep/2022:14:01:31 +0000] "GET /stylesheets/partials/categories.css HTTP/1.1" 200 4136
::1 - - [17/Sep/2022:14:01:31 +0000] "GET /stylesheets/partials/register.css HTTP/1.1" 200 11688
::1 - - [17/Sep/2022:14:01:31 +0000] "GET /stylesheets/partials/footer.css HTTP/1.1" 200 3723
::1 - - [17/Sep/2022:14:01:31 +0000] "GET /stylesheets/partials/responsive.css HTTP/1.1" 200 15673
::1 - - [17/Sep/2022:14:01:31 +0000] "GET /stylesheets/partials/flexform.css HTTP/1.1" 200 4905
::1 - - [17/Sep/2022:14:01:31 +0000] "GET /stylesheets/partials/responsive.mobile.css HTTP/1.1" 200 23675
::1 - - [17/Sep/2022:14:01:31 +0000] "GET /javascripts/main.js HTTP/1.1" 200 9881
::1 - - [17/Sep/2022:14:01:32 +0000] "GET /images/MMR2022/MMR-Isotipo-Negativo.png HTTP/1.1" 200 44960
::1 - - [17/Sep/2022:14:01:32 +0000] "GET /images/MMR2022/MMR-Logo-Negativo-PNG.png HTTP/1.1" 200 42386
::1 - - [17/Sep/2022:14:01:32 +0000] "GET /images/invitan/club%20del%20personal.png HTTP/1.1" 200 38591
::1 - - [17/Sep/2022:14:01:32 +0000] "GET /images/talles.jpeg HTTP/1.1" 200 115526
::1 - - [17/Sep/2022:14:01:32 +0000] "GET /images/invitan/club%20mari%20menuco.png HTTP/1.1" 200 177795
::1 - - [17/Sep/2022:14:01:32 +0000] "GET /images/invitan/calf.png HTTP/1.1" 200 232764
::1 - - [17/Sep/2022:14:01:32 +0000] "GET /images/invitan/miactivo.png HTTP/1.1" 200 56581
::1 - - [17/Sep/2022:14:01:32 +0000] "GET /images/main%20sponsors/divanni.png HTTP/1.1" 200 32310
::1 - - [17/Sep/2022:14:01:32 +0000] "GET /images/main%20sponsors/del%20parque.png HTTP/1.1" 200 40912
::1 - - [17/Sep/2022:14:01:32 +0000] "GET /images/sponsors/leimat.png HTTP/1.1" 200 68088
::1 - - [17/Sep/2022:14:01:32 +0000] "GET /images/sponsors/seep.png HTTP/1.1" 200 69651
::1 - - [17/Sep/2022:14:01:32 +0000] "GET /images/sponsors/raices.png HTTP/1.1" 200 87018
::1 - - [17/Sep/2022:14:01:32 +0000] "GET /images/acompanan/alto%20pathagon.png HTTP/1.1" 200 37164
::1 - - [17/Sep/2022:14:01:32 +0000] "GET /images/video/video.mp4 HTTP/1.1" 206 888420
::1 - - [17/Sep/2022:14:02:18 +0000] "GET /images/video/video.mp4 HTTP/1.1" 304 -
::1 - - [17/Sep/2022:14:02:35 +0000] "GET /javascripts/docs/socios3.json HTTP/1.1" 200 1514887
::1 - - [17/Sep/2022:14:02:37 +0000] "POST /add-runner HTTP/1.1" 200 11918
::1 - - [17/Sep/2022:14:02:37 +0000] "GET /stylesheets/payment_page.css HTTP/1.1" 200 7709
::1 - - [17/Sep/2022:14:02:37 +0000] "GET /javascripts/payment-page.js HTTP/1.1" 200 8650
::1 - - [17/Sep/2022:14:02:37 +0000] "GET /img/fail.png HTTP/1.1" 404 1944
::1 - - [17/Sep/2022:14:02:37 +0000] "GET /images/horizontal_logo.png HTTP/1.1" 200 65318
::1 - - [17/Sep/2022:14:04:12 +0000] "POST /process_payment HTTP/1.1" 500 39
::1 - - [17/Sep/2022:14:05:19 +0000] "GET / HTTP/1.1" 200 54508
::1 - - [17/Sep/2022:14:05:19 +0000] "GET /stylesheets/style.css HTTP/1.1" 304 -
::1 - - [17/Sep/2022:14:05:19 +0000] "GET /stylesheets/partials/header.css HTTP/1.1" 304 -
::1 - - [17/Sep/2022:14:05:19 +0000] "GET /stylesheets/partials/about.css HTTP/1.1" 304 -
::1 - - [17/Sep/2022:14:05:19 +0000] "GET /stylesheets/partials/categories.css HTTP/1.1" 304 -
::1 - - [17/Sep/2022:14:05:19 +0000] "GET /stylesheets/partials/register.css HTTP/1.1" 304 -
::1 - - [17/Sep/2022:14:05:19 +0000] "GET /stylesheets/partials/footer.css HTTP/1.1" 304 -
::1 - - [17/Sep/2022:14:05:19 +0000] "GET /stylesheets/partials/responsive.css HTTP/1.1" 304 -
::1 - - [17/Sep/2022:14:05:19 +0000] "GET /stylesheets/partials/flexform.css HTTP/1.1" 304 -
::1 - - [17/Sep/2022:14:05:19 +0000] "GET /stylesheets/partials/responsive.mobile.css HTTP/1.1" 304 -
::1 - - [17/Sep/2022:14:05:19 +0000] "GET /javascripts/main.js HTTP/1.1" 304 -
::1 - - [17/Sep/2022:14:05:19 +0000] "GET /images/MMR2022/MMR-Isotipo-Negativo.png HTTP/1.1" 304 -
::1 - - [17/Sep/2022:14:05:20 +0000] "GET /images/MMR2022/MMR-Logo-Negativo-PNG.png HTTP/1.1" 304 -
::1 - - [17/Sep/2022:14:05:20 +0000] "GET /images/talles.jpeg HTTP/1.1" 304 -
::1 - - [17/Sep/2022:14:05:20 +0000] "GET /images/invitan/calf.png HTTP/1.1" 304 -
::1 - - [17/Sep/2022:14:05:20 +0000] "GET /images/invitan/club%20del%20personal.png HTTP/1.1" 304 -
::1 - - [17/Sep/2022:14:05:20 +0000] "GET /images/invitan/club%20mari%20menuco.png HTTP/1.1" 304 -
::1 - - [17/Sep/2022:14:05:20 +0000] "GET /images/invitan/miactivo.png HTTP/1.1" 304 -
::1 - - [17/Sep/2022:14:05:20 +0000] "GET /images/main%20sponsors/divanni.png HTTP/1.1" 304 -
::1 - - [17/Sep/2022:14:05:20 +0000] "GET /images/main%20sponsors/del%20parque.png HTTP/1.1" 304 -
::1 - - [17/Sep/2022:14:05:20 +0000] "GET /images/sponsors/leimat.png HTTP/1.1" 304 -
::1 - - [17/Sep/2022:14:05:20 +0000] "GET /images/sponsors/seep.png HTTP/1.1" 304 -
::1 - - [17/Sep/2022:14:05:20 +0000] "GET /images/sponsors/raices.png HTTP/1.1" 304 -
::1 - - [17/Sep/2022:14:05:20 +0000] "GET /images/acompanan/alto%20pathagon.png HTTP/1.1" 304 -
::1 - - [17/Sep/2022:14:05:20 +0000] "GET /images/video/video.mp4 HTTP/1.1" 304 -
::1 - - [17/Sep/2022:14:05:23 +0000] "GET / HTTP/1.1" 304 -
::1 - - [17/Sep/2022:14:05:23 +0000] "GET /stylesheets/style.css HTTP/1.1" 304 -
::1 - - [17/Sep/2022:14:05:23 +0000] "GET /stylesheets/partials/header.css HTTP/1.1" 304 -
::1 - - [17/Sep/2022:14:05:23 +0000] "GET /stylesheets/partials/about.css HTTP/1.1" 304 -
::1 - - [17/Sep/2022:14:05:23 +0000] "GET /stylesheets/partials/categories.css HTTP/1.1" 304 -
::1 - - [17/Sep/2022:14:05:23 +0000] "GET /stylesheets/partials/register.css HTTP/1.1" 304 -
::1 - - [17/Sep/2022:14:05:23 +0000] "GET /stylesheets/partials/footer.css HTTP/1.1" 304 -
::1 - - [17/Sep/2022:14:05:23 +0000] "GET /stylesheets/partials/responsive.css HTTP/1.1" 304 -
::1 - - [17/Sep/2022:14:05:23 +0000] "GET /stylesheets/partials/flexform.css HTTP/1.1" 304 -
::1 - - [17/Sep/2022:14:05:23 +0000] "GET /stylesheets/partials/responsive.mobile.css HTTP/1.1" 304 -
::1 - - [17/Sep/2022:14:05:23 +0000] "GET /javascripts/main.js HTTP/1.1" 304 -
::1 - - [17/Sep/2022:14:05:23 +0000] "GET /images/MMR2022/MMR-Isotipo-Negativo.png HTTP/1.1" 304 -
::1 - - [17/Sep/2022:14:05:23 +0000] "GET /images/MMR2022/MMR-Logo-Negativo-PNG.png HTTP/1.1" 304 -
::1 - - [17/Sep/2022:14:05:23 +0000] "GET /images/talles.jpeg HTTP/1.1" 304 -
::1 - - [17/Sep/2022:14:05:23 +0000] "GET /images/invitan/calf.png HTTP/1.1" 304 -
::1 - - [17/Sep/2022:14:05:23 +0000] "GET /images/invitan/club%20del%20personal.png HTTP/1.1" 304 -
::1 - - [17/Sep/2022:14:05:23 +0000] "GET /images/invitan/club%20mari%20menuco.png HTTP/1.1" 304 -
::1 - - [17/Sep/2022:14:05:23 +0000] "GET /images/invitan/miactivo.png HTTP/1.1" 304 -
::1 - - [17/Sep/2022:14:05:23 +0000] "GET /images/main%20sponsors/divanni.png HTTP/1.1" 304 -
::1 - - [17/Sep/2022:14:05:23 +0000] "GET /images/main%20sponsors/del%20parque.png HTTP/1.1" 304 -
::1 - - [17/Sep/2022:14:05:23 +0000] "GET /images/sponsors/leimat.png HTTP/1.1" 304 -
::1 - - [17/Sep/2022:14:05:23 +0000] "GET /images/sponsors/seep.png HTTP/1.1" 304 -
::1 - - [17/Sep/2022:14:05:23 +0000] "GET /images/sponsors/raices.png HTTP/1.1" 304 -
::1 - - [17/Sep/2022:14:05:23 +0000] "GET /images/acompanan/alto%20pathagon.png HTTP/1.1" 304 -
::1 - - [17/Sep/2022:14:05:35 +0000] "GET /javascripts/docs/socios3.json HTTP/1.1" 304 -
::1 - - [17/Sep/2022:14:05:36 +0000] "POST /add-runner HTTP/1.1" 200 11918
::1 - - [17/Sep/2022:14:05:37 +0000] "GET /stylesheets/payment_page.css HTTP/1.1" 304 -
::1 - - [17/Sep/2022:14:05:37 +0000] "GET /javascripts/payment-page.js HTTP/1.1" 304 -
::1 - - [17/Sep/2022:14:05:37 +0000] "GET /img/fail.png HTTP/1.1" 404 1944
::1 - - [17/Sep/2022:14:05:37 +0000] "GET /images/horizontal_logo.png HTTP/1.1" 304 -
::1 - - [17/Sep/2022:14:07:06 +0000] "GET / HTTP/1.1" 200 54508
::1 - - [17/Sep/2022:14:07:06 +0000] "GET /stylesheets/style.css HTTP/1.1" 304 -
::1 - - [17/Sep/2022:14:07:06 +0000] "GET /stylesheets/partials/header.css HTTP/1.1" 304 -
::1 - - [17/Sep/2022:14:07:06 +0000] "GET /stylesheets/partials/about.css HTTP/1.1" 304 -
::1 - - [17/Sep/2022:14:07:06 +0000] "GET /stylesheets/partials/footer.css HTTP/1.1" 304 -
::1 - - [17/Sep/2022:14:07:06 +0000] "GET /stylesheets/partials/categories.css HTTP/1.1" 304 -
::1 - - [17/Sep/2022:14:07:06 +0000] "GET /stylesheets/partials/register.css HTTP/1.1" 304 -
::1 - - [17/Sep/2022:14:07:06 +0000] "GET /stylesheets/partials/responsive.css HTTP/1.1" 304 -
::1 - - [17/Sep/2022:14:07:06 +0000] "GET /stylesheets/partials/flexform.css HTTP/1.1" 304 -
::1 - - [17/Sep/2022:14:07:06 +0000] "GET /stylesheets/partials/responsive.mobile.css HTTP/1.1" 304 -
::1 - - [17/Sep/2022:14:07:06 +0000] "GET /javascripts/main.js HTTP/1.1" 304 -
::1 - - [17/Sep/2022:14:07:06 +0000] "GET /images/MMR2022/MMR-Isotipo-Negativo.png HTTP/1.1" 304 -
::1 - - [17/Sep/2022:14:07:06 +0000] "GET /images/MMR2022/MMR-Logo-Negativo-PNG.png HTTP/1.1" 304 -
::1 - - [17/Sep/2022:14:07:06 +0000] "GET /images/talles.jpeg HTTP/1.1" 304 -
::1 - - [17/Sep/2022:14:07:06 +0000] "GET /images/invitan/calf.png HTTP/1.1" 304 -
::1 - - [17/Sep/2022:14:07:06 +0000] "GET /images/invitan/club%20del%20personal.png HTTP/1.1" 304 -
::1 - - [17/Sep/2022:14:07:06 +0000] "GET /images/invitan/club%20mari%20menuco.png HTTP/1.1" 304 -
::1 - - [17/Sep/2022:14:07:06 +0000] "GET /images/invitan/miactivo.png HTTP/1.1" 304 -
::1 - - [17/Sep/2022:14:07:06 +0000] "GET /images/main%20sponsors/divanni.png HTTP/1.1" 304 -
::1 - - [17/Sep/2022:14:07:06 +0000] "GET /images/main%20sponsors/del%20parque.png HTTP/1.1" 304 -
::1 - - [17/Sep/2022:14:07:06 +0000] "GET /images/sponsors/leimat.png HTTP/1.1" 304 -
::1 - - [17/Sep/2022:14:07:06 +0000] "GET /images/sponsors/seep.png HTTP/1.1" 304 -
::1 - - [17/Sep/2022:14:07:06 +0000] "GET /images/sponsors/raices.png HTTP/1.1" 304 -
::1 - - [17/Sep/2022:14:07:06 +0000] "GET /images/acompanan/alto%20pathagon.png HTTP/1.1" 304 -
::1 - - [17/Sep/2022:14:07:06 +0000] "GET /images/video/video.mp4 HTTP/1.1" 304 -
::1 - - [17/Sep/2022:14:07:19 +0000] "GET /javascripts/docs/socios3.json HTTP/1.1" 304 -
::1 - - [17/Sep/2022:14:07:20 +0000] "POST /add-runner HTTP/1.1" 200 11928
::1 - - [17/Sep/2022:14:07:20 +0000] "GET /stylesheets/payment_page.css HTTP/1.1" 304 -
::1 - - [17/Sep/2022:14:07:20 +0000] "GET /javascripts/payment-page.js HTTP/1.1" 200 8650
::1 - - [17/Sep/2022:14:07:20 +0000] "GET /img/fail.png HTTP/1.1" 404 1944
::1 - - [17/Sep/2022:14:07:20 +0000] "GET /images/horizontal_logo.png HTTP/1.1" 304 -
::1 - - [17/Sep/2022:14:08:01 +0000] "GET /javascripts/docs/socios3.json HTTP/1.1" 304 -
::1 - - [17/Sep/2022:14:08:04 +0000] "POST /add-runner HTTP/1.1" 200 11918
::1 - - [17/Sep/2022:14:08:04 +0000] "GET /stylesheets/payment_page.css HTTP/1.1" 304 -
::1 - - [17/Sep/2022:14:08:04 +0000] "GET /javascripts/payment-page.js HTTP/1.1" 304 -
::1 - - [17/Sep/2022:14:08:04 +0000] "GET /img/fail.png HTTP/1.1" 404 1944
::1 - - [17/Sep/2022:14:08:04 +0000] "GET /images/horizontal_logo.png HTTP/1.1" 304 -
::1 - - [17/Sep/2022:14:13:20 +0000] "GET /javascripts/docs/socios3.json HTTP/1.1" 304 -
::1 - - [17/Sep/2022:14:13:22 +0000] "POST /add-runner HTTP/1.1" 200 11918
::1 - - [17/Sep/2022:14:13:22 +0000] "GET /stylesheets/payment_page.css HTTP/1.1" 304 -
::1 - - [17/Sep/2022:14:13:22 +0000] "GET /javascripts/payment-page.js HTTP/1.1" 304 -
::1 - - [17/Sep/2022:14:13:22 +0000] "GET /img/fail.png HTTP/1.1" 404 1944
::1 - - [17/Sep/2022:14:13:22 +0000] "GET /images/horizontal_logo.png HTTP/1.1" 304 -
::1 - - [17/Sep/2022:14:20:56 +0000] "GET / HTTP/1.1" 200 54083
::1 - - [17/Sep/2022:14:20:56 +0000] "GET /stylesheets/style.css HTTP/1.1" 304 -
::1 - - [17/Sep/2022:14:20:56 +0000] "GET /stylesheets/partials/header.css HTTP/1.1" 304 -
::1 - - [17/Sep/2022:14:20:56 +0000] "GET /stylesheets/partials/about.css HTTP/1.1" 304 -
::1 - - [17/Sep/2022:14:20:56 +0000] "GET /stylesheets/partials/categories.css HTTP/1.1" 304 -
::1 - - [17/Sep/2022:14:20:56 +0000] "GET /stylesheets/partials/register.css HTTP/1.1" 304 -
::1 - - [17/Sep/2022:14:20:56 +0000] "GET /stylesheets/partials/footer.css HTTP/1.1" 304 -
::1 - - [17/Sep/2022:14:20:56 +0000] "GET /stylesheets/partials/responsive.css HTTP/1.1" 304 -
::1 - - [17/Sep/2022:14:20:56 +0000] "GET /stylesheets/partials/flexform.css HTTP/1.1" 304 -
::1 - - [17/Sep/2022:14:20:56 +0000] "GET /stylesheets/partials/responsive.mobile.css HTTP/1.1" 304 -
::1 - - [17/Sep/2022:14:20:56 +0000] "GET /javascripts/main.js HTTP/1.1" 304 -
::1 - - [17/Sep/2022:14:20:56 +0000] "GET /images/MMR2022/MMR-Isotipo-Negativo.png HTTP/1.1" 304 -
::1 - - [17/Sep/2022:14:20:56 +0000] "GET /images/MMR2022/MMR-Logo-Negativo-PNG.png HTTP/1.1" 304 -
::1 - - [17/Sep/2022:14:20:56 +0000] "GET /images/talles.jpeg HTTP/1.1" 304 -
::1 - - [17/Sep/2022:14:20:56 +0000] "GET /images/invitan/calf.png HTTP/1.1" 304 -
::1 - - [17/Sep/2022:14:20:56 +0000] "GET /images/invitan/club%20del%20personal.png HTTP/1.1" 304 -
::1 - - [17/Sep/2022:14:20:56 +0000] "GET /images/invitan/club%20mari%20menuco.png HTTP/1.1" 304 -
::1 - - [17/Sep/2022:14:20:56 +0000] "GET /images/invitan/miactivo.png HTTP/1.1" 304 -
::1 - - [17/Sep/2022:14:20:56 +0000] "GET /images/main%20sponsors/divanni.png HTTP/1.1" 304 -
::1 - - [17/Sep/2022:14:20:56 +0000] "GET /images/main%20sponsors/del%20parque.png HTTP/1.1" 304 -
::1 - - [17/Sep/2022:14:20:57 +0000] "GET /images/sponsors/leimat.png HTTP/1.1" 304 -
::1 - - [17/Sep/2022:14:20:57 +0000] "GET /images/sponsors/seep.png HTTP/1.1" 304 -
::1 - - [17/Sep/2022:14:20:57 +0000] "GET /images/sponsors/raices.png HTTP/1.1" 304 -
::1 - - [17/Sep/2022:14:20:57 +0000] "GET /images/acompanan/alto%20pathagon.png HTTP/1.1" 304 -
::1 - - [17/Sep/2022:14:20:57 +0000] "GET /images/video/video.mp4 HTTP/1.1" 304 -
::1 - - [17/Sep/2022:14:21:10 +0000] "GET /javascripts/docs/socios3.json HTTP/1.1" 304 -
::1 - - [17/Sep/2022:14:21:11 +0000] "POST /add-runner HTTP/1.1" 200 11934
::1 - - [17/Sep/2022:14:21:11 +0000] "GET /stylesheets/payment_page.css HTTP/1.1" 304 -
::1 - - [17/Sep/2022:14:21:11 +0000] "GET /javascripts/payment-page.js HTTP/1.1" 200 8673
::1 - - [17/Sep/2022:14:21:12 +0000] "GET /img/fail.png HTTP/1.1" 404 1944
::1 - - [17/Sep/2022:14:21:12 +0000] "GET /images/horizontal_logo.png HTTP/1.1" 304 -
::1 - - [17/Sep/2022:14:22:26 +0000] "POST /process_payment HTTP/1.1" 400 43
::1 - - [17/Sep/2022:14:22:37 +0000] "POST /add-runner HTTP/1.1" 200 11922
::1 - - [17/Sep/2022:14:22:38 +0000] "GET /stylesheets/payment_page.css HTTP/1.1" 304 -
::1 - - [17/Sep/2022:14:22:38 +0000] "GET /javascripts/payment-page.js HTTP/1.1" 304 -
::1 - - [17/Sep/2022:14:22:38 +0000] "GET /img/fail.png HTTP/1.1" 404 1944
::1 - - [17/Sep/2022:14:22:38 +0000] "GET /images/horizontal_logo.png HTTP/1.1" 304 -
::1 - - [17/Sep/2022:14:23:33 +0000] "POST /process_payment HTTP/1.1" 201 59
::1 - - [17/Sep/2022:14:26:22 +0000] "GET / HTTP/1.1" 200 54504
::1 - - [17/Sep/2022:14:26:22 +0000] "GET /stylesheets/style.css HTTP/1.1" 304 -
::1 - - [17/Sep/2022:14:26:22 +0000] "GET /stylesheets/partials/header.css HTTP/1.1" 304 -
::1 - - [17/Sep/2022:14:26:22 +0000] "GET /stylesheets/partials/about.css HTTP/1.1" 304 -
::1 - - [17/Sep/2022:14:26:22 +0000] "GET /stylesheets/partials/categories.css HTTP/1.1" 304 -
::1 - - [17/Sep/2022:14:26:22 +0000] "GET /stylesheets/partials/register.css HTTP/1.1" 304 -
::1 - - [17/Sep/2022:14:26:22 +0000] "GET /stylesheets/partials/footer.css HTTP/1.1" 304 -
::1 - - [17/Sep/2022:14:26:22 +0000] "GET /stylesheets/partials/responsive.css HTTP/1.1" 304 -
::1 - - [17/Sep/2022:14:26:22 +0000] "GET /stylesheets/partials/flexform.css HTTP/1.1" 304 -
::1 - - [17/Sep/2022:14:26:22 +0000] "GET /stylesheets/partials/responsive.mobile.css HTTP/1.1" 304 -
::1 - - [17/Sep/2022:14:26:22 +0000] "GET /javascripts/main.js HTTP/1.1" 304 -
::1 - - [17/Sep/2022:14:26:22 +0000] "GET /images/MMR2022/MMR-Isotipo-Negativo.png HTTP/1.1" 304 -
::1 - - [17/Sep/2022:14:26:22 +0000] "GET /images/MMR2022/MMR-Logo-Negativo-PNG.png HTTP/1.1" 304 -
::1 - - [17/Sep/2022:14:26:22 +0000] "GET /images/talles.jpeg HTTP/1.1" 304 -
::1 - - [17/Sep/2022:14:26:22 +0000] "GET /images/invitan/calf.png HTTP/1.1" 304 -
::1 - - [17/Sep/2022:14:26:22 +0000] "GET /images/invitan/club%20del%20personal.png HTTP/1.1" 304 -
::1 - - [17/Sep/2022:14:26:22 +0000] "GET /images/invitan/club%20mari%20menuco.png HTTP/1.1" 304 -
::1 - - [17/Sep/2022:14:26:22 +0000] "GET /images/invitan/miactivo.png HTTP/1.1" 304 -
::1 - - [17/Sep/2022:14:26:22 +0000] "GET /images/main%20sponsors/divanni.png HTTP/1.1" 304 -
::1 - - [17/Sep/2022:14:26:22 +0000] "GET /images/main%20sponsors/del%20parque.png HTTP/1.1" 304 -
::1 - - [17/Sep/2022:14:26:22 +0000] "GET /images/sponsors/leimat.png HTTP/1.1" 304 -
::1 - - [17/Sep/2022:14:26:22 +0000] "GET /images/sponsors/seep.png HTTP/1.1" 304 -
::1 - - [17/Sep/2022:14:26:22 +0000] "GET /images/sponsors/raices.png HTTP/1.1" 304 -
::1 - - [17/Sep/2022:14:26:22 +0000] "GET /images/acompanan/alto%20pathagon.png HTTP/1.1" 304 -
::1 - - [17/Sep/2022:14:26:23 +0000] "GET /images/video/video.mp4 HTTP/1.1" 304 -
::1 - - [17/Sep/2022:14:26:41 +0000] "GET /javascripts/docs/socios3.json HTTP/1.1" 304 -
::1 - - [17/Sep/2022:14:26:42 +0000] "POST /add-runner HTTP/1.1" 200 11922
::1 - - [17/Sep/2022:14:26:42 +0000] "GET /stylesheets/payment_page.css HTTP/1.1" 304 -
::1 - - [17/Sep/2022:14:26:42 +0000] "GET /javascripts/payment-page.js HTTP/1.1" 304 -
::1 - - [17/Sep/2022:14:26:43 +0000] "GET /img/fail.png HTTP/1.1" 404 1944
::1 - - [17/Sep/2022:14:26:43 +0000] "GET /images/horizontal_logo.png HTTP/1.1" 304 -
::1 - - [17/Sep/2022:14:27:27 +0000] "POST /process_payment HTTP/1.1" 201 80
::1 - - [17/Sep/2022:14:27:30 +0000] "GET / HTTP/1.1" 200 54504
::1 - - [17/Sep/2022:14:27:30 +0000] "GET /stylesheets/style.css HTTP/1.1" 304 -
::1 - - [17/Sep/2022:14:27:30 +0000] "GET /stylesheets/partials/header.css HTTP/1.1" 304 -
::1 - - [17/Sep/2022:14:27:30 +0000] "GET /stylesheets/partials/categories.css HTTP/1.1" 304 -
::1 - - [17/Sep/2022:14:27:30 +0000] "GET /stylesheets/partials/footer.css HTTP/1.1" 304 -
::1 - - [17/Sep/2022:14:27:30 +0000] "GET /stylesheets/partials/register.css HTTP/1.1" 304 -
::1 - - [17/Sep/2022:14:27:30 +0000] "GET /stylesheets/partials/about.css HTTP/1.1" 304 -
::1 - - [17/Sep/2022:14:27:30 +0000] "GET /stylesheets/partials/responsive.css HTTP/1.1" 304 -
::1 - - [17/Sep/2022:14:27:30 +0000] "GET /stylesheets/partials/flexform.css HTTP/1.1" 304 -
::1 - - [17/Sep/2022:14:27:30 +0000] "GET /stylesheets/partials/responsive.mobile.css HTTP/1.1" 304 -
::1 - - [17/Sep/2022:14:27:30 +0000] "GET /javascripts/main.js HTTP/1.1" 304 -
::1 - - [17/Sep/2022:14:27:31 +0000] "GET /images/MMR2022/MMR-Isotipo-Negativo.png HTTP/1.1" 304 -
::1 - - [17/Sep/2022:14:27:31 +0000] "GET /images/MMR2022/MMR-Logo-Negativo-PNG.png HTTP/1.1" 304 -
::1 - - [17/Sep/2022:14:27:31 +0000] "GET /images/talles.jpeg HTTP/1.1" 304 -
::1 - - [17/Sep/2022:14:27:31 +0000] "GET /images/invitan/calf.png HTTP/1.1" 304 -
::1 - - [17/Sep/2022:14:27:31 +0000] "GET /images/invitan/club%20del%20personal.png HTTP/1.1" 304 -
::1 - - [17/Sep/2022:14:27:31 +0000] "GET /images/invitan/club%20mari%20menuco.png HTTP/1.1" 304 -
::1 - - [17/Sep/2022:14:27:31 +0000] "GET /images/invitan/miactivo.png HTTP/1.1" 304 -
::1 - - [17/Sep/2022:14:27:31 +0000] "GET /images/main%20sponsors/divanni.png HTTP/1.1" 304 -
::1 - - [17/Sep/2022:14:27:31 +0000] "GET /images/main%20sponsors/del%20parque.png HTTP/1.1" 304 -
::1 - - [17/Sep/2022:14:27:31 +0000] "GET /images/sponsors/leimat.png HTTP/1.1" 304 -
::1 - - [17/Sep/2022:14:27:31 +0000] "GET /images/sponsors/seep.png HTTP/1.1" 304 -
::1 - - [17/Sep/2022:14:27:31 +0000] "GET /images/sponsors/raices.png HTTP/1.1" 304 -
::1 - - [17/Sep/2022:14:27:31 +0000] "GET /images/acompanan/alto%20pathagon.png HTTP/1.1" 304 -
::1 - - [17/Sep/2022:14:27:31 +0000] "GET /images/video/video.mp4 HTTP/1.1" 304 -
::1 - - [17/Sep/2022:14:28:45 +0000] "GET /images/video/video.mp4 HTTP/1.1" 304 -
::1 - - [17/Sep/2022:14:28:52 +0000] "GET /images/video/video.mp4 HTTP/1.1" 304 -
::1 - - [17/Sep/2022:14:28:58 +0000] "GET /javascripts/docs/socios3.json HTTP/1.1" 304 -
::1 - - [17/Sep/2022:14:28:59 +0000] "POST /add-runner HTTP/1.1" 200 11922
::1 - - [17/Sep/2022:14:28:59 +0000] "GET /stylesheets/payment_page.css HTTP/1.1" 304 -
::1 - - [17/Sep/2022:14:28:59 +0000] "GET /javascripts/payment-page.js HTTP/1.1" 304 -
::1 - - [17/Sep/2022:14:28:59 +0000] "GET /img/fail.png HTTP/1.1" 404 1944
::1 - - [17/Sep/2022:14:29:00 +0000] "GET /images/horizontal_logo.png HTTP/1.1" 304 -
::1 - - [17/Sep/2022:14:29:28 +0000] "GET / HTTP/1.1" 200 54504
::1 - - [17/Sep/2022:14:29:28 +0000] "GET /stylesheets/style.css HTTP/1.1" 304 -
::1 - - [17/Sep/2022:14:29:28 +0000] "GET /stylesheets/partials/header.css HTTP/1.1" 304 -
::1 - - [17/Sep/2022:14:29:28 +0000] "GET /stylesheets/partials/about.css HTTP/1.1" 304 -
::1 - - [17/Sep/2022:14:29:28 +0000] "GET /stylesheets/partials/categories.css HTTP/1.1" 304 -
::1 - - [17/Sep/2022:14:29:28 +0000] "GET /stylesheets/partials/register.css HTTP/1.1" 304 -
::1 - - [17/Sep/2022:14:29:28 +0000] "GET /stylesheets/partials/footer.css HTTP/1.1" 304 -
::1 - - [17/Sep/2022:14:29:28 +0000] "GET /stylesheets/partials/responsive.css HTTP/1.1" 304 -
::1 - - [17/Sep/2022:14:29:28 +0000] "GET /stylesheets/partials/flexform.css HTTP/1.1" 304 -
::1 - - [17/Sep/2022:14:29:28 +0000] "GET /stylesheets/partials/responsive.mobile.css HTTP/1.1" 304 -
::1 - - [17/Sep/2022:14:29:28 +0000] "GET /javascripts/main.js HTTP/1.1" 304 -
::1 - - [17/Sep/2022:14:29:28 +0000] "GET /images/MMR2022/MMR-Isotipo-Negativo.png HTTP/1.1" 304 -
::1 - - [17/Sep/2022:14:29:28 +0000] "GET /images/MMR2022/MMR-Logo-Negativo-PNG.png HTTP/1.1" 304 -
::1 - - [17/Sep/2022:14:29:28 +0000] "GET /images/talles.jpeg HTTP/1.1" 304 -
::1 - - [17/Sep/2022:14:29:28 +0000] "GET /images/invitan/calf.png HTTP/1.1" 304 -
::1 - - [17/Sep/2022:14:29:28 +0000] "GET /images/invitan/club%20del%20personal.png HTTP/1.1" 304 -
::1 - - [17/Sep/2022:14:29:28 +0000] "GET /images/invitan/club%20mari%20menuco.png HTTP/1.1" 304 -
::1 - - [17/Sep/2022:14:29:28 +0000] "GET /images/invitan/miactivo.png HTTP/1.1" 304 -
::1 - - [17/Sep/2022:14:29:28 +0000] "GET /images/main%20sponsors/divanni.png HTTP/1.1" 304 -
::1 - - [17/Sep/2022:14:29:28 +0000] "GET /images/main%20sponsors/del%20parque.png HTTP/1.1" 304 -
::1 - - [17/Sep/2022:14:29:29 +0000] "GET /images/sponsors/leimat.png HTTP/1.1" 304 -
::1 - - [17/Sep/2022:14:29:29 +0000] "GET /images/sponsors/seep.png HTTP/1.1" 304 -
::1 - - [17/Sep/2022:14:29:29 +0000] "GET /images/sponsors/raices.png HTTP/1.1" 304 -
::1 - - [17/Sep/2022:14:29:29 +0000] "GET /images/acompanan/alto%20pathagon.png HTTP/1.1" 304 -
::1 - - [17/Sep/2022:14:29:29 +0000] "GET /images/video/video.mp4 HTTP/1.1" 304 -
::1 - - [17/Sep/2022:14:29:44 +0000] "GET /javascripts/docs/socios3.json HTTP/1.1" 304 -
::1 - - [17/Sep/2022:14:29:54 +0000] "POST /add-runner HTTP/1.1" 200 11922
::1 - - [17/Sep/2022:14:29:54 +0000] "GET /stylesheets/payment_page.css HTTP/1.1" 304 -
::1 - - [17/Sep/2022:14:29:54 +0000] "GET /javascripts/payment-page.js HTTP/1.1" 304 -
::1 - - [17/Sep/2022:14:29:55 +0000] "GET /img/fail.png HTTP/1.1" 404 1944
::1 - - [17/Sep/2022:14:29:55 +0000] "GET /images/horizontal_logo.png HTTP/1.1" 304 -
::1 - - [17/Sep/2022:14:30:37 +0000] "POST /process_payment HTTP/1.1" 201 80
::1 - - [17/Sep/2022:14:30:40 +0000] "GET / HTTP/1.1" 200 54504
::1 - - [17/Sep/2022:14:30:40 +0000] "GET /stylesheets/style.css HTTP/1.1" 304 -
::1 - - [17/Sep/2022:14:30:40 +0000] "GET /stylesheets/partials/header.css HTTP/1.1" 304 -
::1 - - [17/Sep/2022:14:30:40 +0000] "GET /stylesheets/partials/about.css HTTP/1.1" 304 -
::1 - - [17/Sep/2022:14:30:40 +0000] "GET /stylesheets/partials/register.css HTTP/1.1" 304 -
::1 - - [17/Sep/2022:14:30:40 +0000] "GET /stylesheets/partials/responsive.mobile.css HTTP/1.1" 304 -
::1 - - [17/Sep/2022:14:30:40 +0000] "GET /stylesheets/partials/categories.css HTTP/1.1" 304 -
::1 - - [17/Sep/2022:14:30:40 +0000] "GET /stylesheets/partials/footer.css HTTP/1.1" 304 -
::1 - - [17/Sep/2022:14:30:40 +0000] "GET /stylesheets/partials/responsive.css HTTP/1.1" 304 -
::1 - - [17/Sep/2022:14:30:40 +0000] "GET /stylesheets/partials/flexform.css HTTP/1.1" 304 -
::1 - - [17/Sep/2022:14:30:40 +0000] "GET /javascripts/main.js HTTP/1.1" 304 -
::1 - - [17/Sep/2022:14:30:40 +0000] "GET /images/MMR2022/MMR-Isotipo-Negativo.png HTTP/1.1" 304 -
::1 - - [17/Sep/2022:14:30:40 +0000] "GET /images/MMR2022/MMR-Logo-Negativo-PNG.png HTTP/1.1" 304 -
::1 - - [17/Sep/2022:14:30:40 +0000] "GET /images/talles.jpeg HTTP/1.1" 304 -
::1 - - [17/Sep/2022:14:30:40 +0000] "GET /images/invitan/calf.png HTTP/1.1" 304 -
::1 - - [17/Sep/2022:14:30:40 +0000] "GET /images/invitan/club%20del%20personal.png HTTP/1.1" 304 -
::1 - - [17/Sep/2022:14:30:40 +0000] "GET /images/invitan/club%20mari%20menuco.png HTTP/1.1" 304 -
::1 - - [17/Sep/2022:14:30:40 +0000] "GET /images/invitan/miactivo.png HTTP/1.1" 304 -
::1 - - [17/Sep/2022:14:30:40 +0000] "GET /images/main%20sponsors/divanni.png HTTP/1.1" 304 -
::1 - - [17/Sep/2022:14:30:40 +0000] "GET /images/main%20sponsors/del%20parque.png HTTP/1.1" 304 -
::1 - - [17/Sep/2022:14:30:40 +0000] "GET /images/sponsors/leimat.png HTTP/1.1" 304 -
::1 - - [17/Sep/2022:14:30:40 +0000] "GET /images/sponsors/seep.png HTTP/1.1" 304 -
::1 - - [17/Sep/2022:14:30:40 +0000] "GET /images/sponsors/raices.png HTTP/1.1" 304 -
::1 - - [17/Sep/2022:14:30:40 +0000] "GET /images/acompanan/alto%20pathagon.png HTTP/1.1" 304 -
::1 - - [17/Sep/2022:14:30:40 +0000] "GET /images/video/video.mp4 HTTP/1.1" 304 -
::1 - - [17/Sep/2022:14:32:02 +0000] "GET /images/video/video.mp4 HTTP/1.1" 304 -
::1 - - [17/Sep/2022:14:33:09 +0000] "GET /images/video/video.mp4 HTTP/1.1" 304 -
::1 - - [17/Sep/2022:14:35:41 +0000] "GET /images/video/video.mp4 HTTP/1.1" 304 -
